Building ...
... done. Elapsed 0.124757303 seconds
Watching paths: /home/george/Dropbox/yaml-table/src
Change detected, recompiling ...
Compiling out/cljs/nodejs.cljs
Compiling src/yaml_table/config.cljs
WARNING: Wrong number of args (2) passed to yaml-table.config/yaml-config-string->chan-matching-yaml-object at line 37 src/yaml_table/config.cljs
Compiling src/yaml_table/core.cljs
... done. Elapsed 0.445307822 seconds
Change detected, recompiling ...
Compiling out/cljs/nodejs.cljs
Compiling src/yaml_table/config.cljs
WARNING: Wrong number of args (2) passed to yaml-table.config/yaml-config-string->chan-matching-yaml-object at line 37 src/yaml_table/config.cljs
Compiling src/yaml_table/core.cljs
... done. Elapsed 0.408397053 seconds
Change detected, recompiling ...
Compiling src/yaml_table/config.cljs
WARNING: Wrong number of args (2) passed to yaml-table.config/yaml-config-string->chan-matching-yaml-object at line 37 src/yaml_table/config.cljs
Compiling src/yaml_table/core.cljs
... done. Elapsed 0.448172363 seconds
Change detected, recompiling ...
Compiling out/cljs/nodejs.cljs
Compiling src/yaml_table/config.cljs
WARNING: Wrong number of args (2) passed to yaml-table.config/yaml-config-string->chan-matching-yaml-object at line 37 src/yaml_table/config.cljs
Compiling src/yaml_table/core.cljs
... done. Elapsed 0.482603094 seconds
Change detected, recompiling ...
Compiling src/yaml_table/config.cljs
WARNING: Wrong number of args (2) passed to yaml-table.config/yaml-config-string->chan-matching-yaml-object at line 37 src/yaml_table/config.cljs
Compiling src/yaml_table/core.cljs
... done. Elapsed 0.462541619 seconds
Change detected, recompiling ...
Compiling out/cljs/nodejs.cljs
Compiling src/yaml_table/config.cljs
WARNING: Wrong number of args (2) passed to yaml-table.config/yaml-config-string->chan-matching-yaml-object at line 37 src/yaml_table/config.cljs
Compiling src/yaml_table/core.cljs
... done. Elapsed 0.416144924 seconds
Change detected, recompiling ...
Compiling src/yaml_table/config.cljs
WARNING: Wrong number of args (2) passed to yaml-table.config/yaml-config-string->chan-matching-yaml-object at line 37 src/yaml_table/config.cljs
Compiling src/yaml_table/core.cljs
... done. Elapsed 0.522666295 seconds
Change detected, recompiling ...
Compiling out/cljs/nodejs.cljs
Compiling src/yaml_table/config.cljs
WARNING: Wrong number of args (2) passed to yaml-table.config/yaml-config-string->chan-matching-yaml-object at line 37 src/yaml_table/config.cljs
Compiling src/yaml_table/core.cljs
... done. Elapsed 0.489692058 seconds
Change detected, recompiling ...
Compiling src/yaml_table/config.cljs
WARNING: Wrong number of args (2) passed to yaml-table.config/yaml-config-string->chan-matching-yaml-object at line 37 src/yaml_table/config.cljs
Compiling src/yaml_table/core.cljs
... done. Elapsed 0.468824869 seconds
Change detected, recompiling ...
Compiling out/cljs/nodejs.cljs
Compiling src/yaml_table/config.cljs
WARNING: Wrong number of args (2) passed to yaml-table.config/yaml-config-string->chan-matching-yaml-object at line 37 src/yaml_table/config.cljs
Compiling src/yaml_table/core.cljs
... done. Elapsed 0.420288736 seconds
Change detected, recompiling ...
Compiling src/yaml_table/config.cljs
WARNING: Wrong number of args (2) passed to yaml-table.config/yaml-config-string->chan-matching-yaml-object at line 37 src/yaml_table/config.cljs
Compiling src/yaml_table/core.cljs
... done. Elapsed 0.422809907 seconds
Change detected, recompiling ...
Compiling out/cljs/nodejs.cljs
Compiling src/yaml_table/config.cljs
WARNING: Wrong number of args (2) passed to yaml-table.config/yaml-config-string->chan-matching-yaml-object at line 37 src/yaml_table/config.cljs
Compiling src/yaml_table/core.cljs
... done. Elapsed 0.477423752 seconds
Change detected, recompiling ...
Compiling src/yaml_table/config.cljs
WARNING: Wrong number of args (2) passed to yaml-table.config/yaml-config-string->chan-matching-yaml-object at line 37 src/yaml_table/config.cljs
Compiling src/yaml_table/core.cljs
WARNING: Wrong number of args (1) passed to yaml-table.config/yaml-table-config->chan-matching-yaml-object at line 63 src/yaml_table/core.cljs
... done. Elapsed 0.447507773 seconds
Change detected, recompiling ...
Compiling out/cljs/nodejs.cljs
Compiling src/yaml_table/config.cljs
WARNING: Wrong number of args (2) passed to yaml-table.config/yaml-config-string->chan-matching-yaml-object at line 37 src/yaml_table/config.cljs
Compiling src/yaml_table/core.cljs
WARNING: Wrong number of args (1) passed to yaml-table.config/yaml-table-config->chan-matching-yaml-object at line 63 src/yaml_table/core.cljs
... done. Elapsed 0.528465831 seconds
Change detected, recompiling ...
Compiling out/cljs/nodejs.cljs
Compiling src/yaml_table/config.cljs
Compiling src/yaml_table/core.cljs
WARNING: Wrong number of args (1) passed to yaml-table.config/yaml-table-config->chan-matching-yaml-object at line 63 src/yaml_table/core.cljs
... done. Elapsed 0.425740115 seconds
Change detected, recompiling ...
... done. Elapsed 0.081370436 seconds
Change detected, recompiling ...
Compiling out/cljs/nodejs.cljs
Compiling src/yaml_table/config.cljs
Compiling src/yaml_table/core.cljs
WARNING: Wrong number of args (1) passed to yaml-table.config/yaml-table-config->chan-matching-yaml-object at line 63 src/yaml_table/core.cljs
... done. Elapsed 0.470269755 seconds
Change detected, recompiling ...
... done. Elapsed 0.090222033 seconds
Change detected, recompiling ...
... done. Elapsed 0.096503693 seconds
Change detected, recompiling ...
Compiling src/yaml_table/core.cljs
WARNING: Wrong number of args (1) passed to yaml-table.config/yaml-table-config->chan-matching-yaml-object at line 63 src/yaml_table/core.cljs
... done. Elapsed 0.355775636 seconds
Change detected, recompiling ...
Compiling out/cljs/nodejs.cljs
Compiling src/yaml_table/config.cljs
Compiling src/yaml_table/core.cljs
WARNING: Wrong number of args (1) passed to yaml-table.config/yaml-table-config->chan-matching-yaml-object at line 63 src/yaml_table/core.cljs
... done. Elapsed 0.503245674 seconds
Change detected, recompiling ...
Compiling src/yaml_table/core.cljs
WARNING: Wrong number of args (1) passed to yaml-table.config/yaml-table-config->chan-matching-yaml-object at line 64 src/yaml_table/core.cljs
... done. Elapsed 0.412112245 seconds
Change detected, recompiling ...
Compiling out/cljs/nodejs.cljs
Compiling src/yaml_table/config.cljs
Compiling src/yaml_table/core.cljs
WARNING: Wrong number of args (1) passed to yaml-table.config/yaml-table-config->chan-matching-yaml-object at line 64 src/yaml_table/core.cljs
... done. Elapsed 0.534979553 seconds
Change detected, recompiling ...
Compiling out/cljs/nodejs.cljs
Compiling src/yaml_table/config.cljs
Compiling src/yaml_table/core.cljs
WARNING: Wrong number of args (1) passed to yaml-table.config/yaml-table-config->chan-matching-yaml-object at line 64 src/yaml_table/core.cljs
... done. Elapsed 0.52173469 seconds
Change detected, recompiling ...
Compiling out/cljs/nodejs.cljs
Compiling src/yaml_table/config.cljs
Compiling src/yaml_table/core.cljs
WARNING: Wrong number of args (1) passed to yaml-table.config/yaml-table-config->chan-matching-yaml-object at line 64 src/yaml_table/core.cljs
... done. Elapsed 0.5352186 seconds
Change detected, recompiling ...
Compiling src/yaml_table/core.cljs
WARNING: Wrong number of args (1) passed to yaml-table.config/yaml-table-config->chan-matching-yaml-object at line 64 src/yaml_table/core.cljs
... done. Elapsed 0.348702704 seconds
Change detected, recompiling ...
Compiling out/cljs/nodejs.cljs
Compiling src/yaml_table/config.cljs
Compiling src/yaml_table/core.cljs
WARNING: Wrong number of args (1) passed to yaml-table.config/yaml-table-config->chan-matching-yaml-object at line 64 src/yaml_table/core.cljs
... done. Elapsed 0.468291234 seconds
Change detected, recompiling ...
Compiling src/yaml_table/core.cljs
WARNING: Wrong number of args (1) passed to yaml-table.config/yaml-table-config->chan-matching-yaml-object at line 64 src/yaml_table/core.cljs
... done. Elapsed 0.43812696 seconds
Change detected, recompiling ...
Compiling out/cljs/nodejs.cljs
Compiling src/yaml_table/config.cljs
Compiling src/yaml_table/core.cljs
WARNING: Wrong number of args (1) passed to yaml-table.config/yaml-table-config->chan-matching-yaml-object at line 64 src/yaml_table/core.cljs
... done. Elapsed 0.498340242 seconds
Change detected, recompiling ...
Compiling out/cljs/core/async/impl/protocols.cljs
Compiling out/cljs/core/async/impl/buffers.cljs
Compiling out/cljs/core/async/impl/dispatch.cljs
Compiling out/cljs/core/async/impl/channels.cljs
Compiling out/cljs/core/async/impl/timers.cljs
Compiling out/cljs/core/async/impl/ioc_helpers.cljs
Compiling out/cljs/core/async.cljs
Compiling out/cljs/nodejs.cljs
Compiling src/yaml_table/config.cljs
Compiling src/yaml_table/core.cljs
... done. Elapsed 4.618591982 seconds
Change detected, recompiling ...
Compiling out/cljs/nodejs.cljs
Compiling src/yaml_table/config.cljs
Compiling src/yaml_table/core.cljs
... done. Elapsed 0.63623555 seconds
Change detected, recompiling ...
Compiling out/cljs/core/async/impl/protocols.cljs
Compiling out/cljs/core/async/impl/buffers.cljs
Compiling out/cljs/core/async/impl/dispatch.cljs
Compiling out/cljs/core/async/impl/channels.cljs
Compiling out/cljs/core/async/impl/timers.cljs
Compiling out/cljs/core/async/impl/ioc_helpers.cljs
Compiling out/cljs/core/async.cljs
Compiling out/cljs/nodejs.cljs
Compiling src/yaml_table/config.cljs
Compiling src/yaml_table/core.cljs
... done. Elapsed 3.767487029 seconds
Change detected, recompiling ...
Compiling out/cljs/nodejs.cljs
Compiling src/yaml_table/config.cljs
Compiling src/yaml_table/core.cljs
... done. Elapsed 0.435552513 seconds
Change detected, recompiling ...
Compiling src/yaml_table/config.cljs
Compiling src/yaml_table/core.cljs
... done. Elapsed 0.433288694 seconds
Change detected, recompiling ...
Compiling out/cljs/nodejs.cljs
Compiling src/yaml_table/config.cljs
Compiling src/yaml_table/core.cljs
... done. Elapsed 0.440574375 seconds
Change detected, recompiling ...
Compiling src/yaml_table/config.cljs
Compiling src/yaml_table/core.cljs
... done. Elapsed 0.44791948 seconds
Change detected, recompiling ...
Compiling out/cljs/nodejs.cljs
Compiling src/yaml_table/config.cljs
Compiling src/yaml_table/core.cljs
... done. Elapsed 0.512359116 seconds
Change detected, recompiling ...
Compiling out/cljs/core/async/impl/protocols.cljs
Compiling out/cljs/core/async/impl/buffers.cljs
Compiling out/cljs/core/async/impl/dispatch.cljs
Compiling out/cljs/core/async/impl/channels.cljs
Compiling out/cljs/core/async/impl/timers.cljs
Compiling out/cljs/core/async/impl/ioc_helpers.cljs
Compiling out/cljs/core/async.cljs
Compiling out/cljs/nodejs.cljs
Compiling src/yaml_table/config.cljs
Compiling src/yaml_table/core.cljs
... done. Elapsed 4.048999117 seconds
Change detected, recompiling ...
Compiling out/cljs/nodejs.cljs
Compiling src/yaml_table/config.cljs
Compiling src/yaml_table/core.cljs
... done. Elapsed 0.40391635 seconds
Change detected, recompiling ...
Compiling src/yaml_table/config.cljs
Compiling src/yaml_table/core.cljs
... done. Elapsed 0.403914479 seconds
Change detected, recompiling ...
Compiling out/cljs/nodejs.cljs
Compiling src/yaml_table/config.cljs
Compiling src/yaml_table/core.cljs
... done. Elapsed 0.488348524 seconds
Change detected, recompiling ...
Compiling src/yaml_table/config.cljs
Compiling src/yaml_table/core.cljs
... done. Elapsed 0.450512624 seconds
Change detected, recompiling ...
Compiling out/cljs/nodejs.cljs
Compiling src/yaml_table/config.cljs
Compiling src/yaml_table/core.cljs
... done. Elapsed 0.45320806 seconds
Change detected, recompiling ...
Compiling out/cljs/nodejs.cljs
Compiling src/yaml_table/config.cljs
Compiling src/yaml_table/core.cljs
... done. Elapsed 0.442606674 seconds
Change detected, recompiling ...
Compiling out/cljs/nodejs.cljs
Compiling src/yaml_table/config.cljs
Compiling src/yaml_table/core.cljs
... done. Elapsed 0.452479555 seconds
Change detected, recompiling ...
Compiling out/cljs/core/async/impl/protocols.cljs
Compiling out/cljs/core/async/impl/buffers.cljs
Compiling out/cljs/core/async/impl/dispatch.cljs
Compiling out/cljs/core/async/impl/channels.cljs
Compiling out/cljs/core/async/impl/timers.cljs
Compiling out/cljs/core/async/impl/ioc_helpers.cljs
Compiling out/cljs/core/async.cljs
Compiling out/cljs/nodejs.cljs
Compiling src/yaml_table/config.cljs
Compiling src/yaml_table/core.cljs
... done. Elapsed 4.032614731 seconds
Change detected, recompiling ...
Compiling out/cljs/nodejs.cljs
Compiling src/yaml_table/config.cljs
Compiling src/yaml_table/core.cljs
... done. Elapsed 0.608923465 seconds
Change detected, recompiling ...
Compiling out/cljs/core/async/impl/protocols.cljs
Compiling out/cljs/core/async/impl/buffers.cljs
Compiling out/cljs/core/async/impl/dispatch.cljs
Compiling out/cljs/core/async/impl/channels.cljs
Compiling out/cljs/core/async/impl/timers.cljs
Compiling out/cljs/core/async/impl/ioc_helpers.cljs
Compiling out/cljs/core/async.cljs
Compiling out/cljs/nodejs.cljs
Compiling src/yaml_table/config.cljs
Compiling src/yaml_table/core.cljs
... done. Elapsed 4.201749997 seconds
Change detected, recompiling ...
Compiling out/cljs/nodejs.cljs
Compiling src/yaml_table/config.cljs
Compiling src/yaml_table/core.cljs
... done. Elapsed 0.550190142 seconds
Change detected, recompiling ...
Compiling out/cljs/core/async/impl/protocols.cljs
Compiling out/cljs/core/async/impl/buffers.cljs
Compiling out/cljs/core/async/impl/dispatch.cljs
Compiling out/cljs/core/async/impl/channels.cljs
Compiling out/cljs/core/async/impl/timers.cljs
Compiling out/cljs/core/async/impl/ioc_helpers.cljs
Compiling out/cljs/core/async.cljs
Compiling out/cljs/nodejs.cljs
Compiling src/yaml_table/config.cljs
Compiling src/yaml_table/core.cljs
... done. Elapsed 4.217155229 seconds
Change detected, recompiling ...
... done. Elapsed 0.124524695 seconds
Change detected, recompiling ...
Compiling out/cljs/core/async/impl/protocols.cljs
Compiling out/cljs/core/async/impl/buffers.cljs
Compiling out/cljs/core/async/impl/dispatch.cljs
Compiling out/cljs/core/async/impl/channels.cljs
Compiling out/cljs/core/async/impl/timers.cljs
Compiling out/cljs/core/async/impl/ioc_helpers.cljs
Compiling out/cljs/core/async.cljs
Compiling out/cljs/nodejs.cljs
Compiling src/yaml_table/config.cljs
WARNING: Use of undeclared Var yaml-table.config/c at line 34 src/yaml_table/config.cljs
clojure.lang.ExceptionInfo: failed compiling file:src/yaml_table/config.cljs {:file #object[java.io.File 0x67fbbff3 "src/yaml_table/config.cljs"]}
	at clojure.core$ex_info.invoke(core.clj:4593)
	at cljs.compiler$compile_file$fn__4246.invoke(compiler.cljc:1343)
	at cljs.compiler$compile_file.invoke(compiler.cljc:1310)
	at cljs.closure$compile_file.invoke(closure.clj:434)
	at cljs.closure$eval4703$fn__4704.invoke(closure.clj:491)
	at cljs.closure$eval4642$fn__4643$G__4631__4650.invoke(closure.clj:391)
	at cljs.closure$compile_sources$iter__4806__4810$fn__4811.invoke(closure.clj:755)
	at clojure.lang.LazySeq.sval(LazySeq.java:40)
	at clojure.lang.LazySeq.seq(LazySeq.java:49)
	at clojure.lang.Cons.next(Cons.java:39)
	at clojure.lang.RT.next(RT.java:674)
	at clojure.core$next__4112.invoke(core.clj:64)
	at clojure.core$dorun.invoke(core.clj:3010)
	at clojure.core$doall.invoke(core.clj:3025)
	at cljs.closure$compile_sources.invoke(closure.clj:751)
	at cljs.closure$build.invoke(closure.clj:1807)
	at cljs.closure$watch$buildf__5196.invoke(closure.clj:1889)
	at cljs.closure$watch.invoke(closure.clj:1938)
	at cljs.repl$repl_STAR_$fn__5723$fn__5728.invoke(repl.cljc:881)
	at clojure.core$binding_conveyor_fn$fn__4444.invoke(core.clj:1916)
	at clojure.lang.AFn.run(AFn.java:22)
	at java.lang.Thread.run(Thread.java:745)
Caused by: clojure.lang.ExceptionInfo: Unmatched delimiter ) {:type :reader-exception, :line 34, :column 7, :file "/home/george/Dropbox/yaml-table/src/yaml_table/config.cljs"}
	at clojure.core$ex_info.invoke(core.clj:4593)
	at clojure.tools.reader.reader_types$reader_error.doInvoke(reader_types.clj:331)
	at clojure.lang.RestFn.invoke(RestFn.java:439)
	at clojure.tools.reader$read_unmatched_delimiter.invoke(reader.clj:76)
	at clojure.tools.reader$read_STAR_.invoke(reader.clj:889)
	at clojure.tools.reader$read.invoke(reader.clj:938)
	at cljs.analyzer$forms_seq_STAR_$forms_seq___3205$fn__3206$fn__3207.invoke(analyzer.cljc:2626)
	at cljs.analyzer$forms_seq_STAR_$forms_seq___3205$fn__3206.invoke(analyzer.cljc:2619)
	at clojure.lang.LazySeq.sval(LazySeq.java:40)
	at clojure.lang.LazySeq.seq(LazySeq.java:49)
	at clojure.lang.RT.seq(RT.java:507)
	at clojure.core$seq__4128.invoke(core.clj:137)
	at cljs.compiler$compile_file_STAR_$fn__4206.invoke(compiler.cljc:1219)
	at cljs.compiler$with_core_cljs.invoke(compiler.cljc:1149)
	at cljs.compiler$compile_file_STAR_.invoke(compiler.cljc:1172)
	at cljs.compiler$compile_file$fn__4246.invoke(compiler.cljc:1331)
	... 20 more

Change detected, recompiling ...
Compiling src/yaml_table/core.cljs
WARNING: Use of undeclared Var yaml-table.config/yaml-table-config->chan-matching-yaml-object at line 64 src/yaml_table/core.cljs
... done. Elapsed 0.319420845 seconds
Change detected, recompiling ...
Compiling src/yaml_table/config.cljs
WARNING: Wrong number of args (3) passed to yaml-table.config/yaml-config-string->chan-matching-yaml-object at line 40 src/yaml_table/config.cljs
Compiling src/yaml_table/core.cljs
... done. Elapsed 0.434043911 seconds
Change detected, recompiling ...
Compiling out/cljs/nodejs.cljs
Compiling src/yaml_table/config.cljs
WARNING: Wrong number of args (3) passed to yaml-table.config/yaml-config-string->chan-matching-yaml-object at line 40 src/yaml_table/config.cljs
Compiling src/yaml_table/core.cljs
... done. Elapsed 0.453131897 seconds
Change detected, recompiling ...
Compiling src/yaml_table/config.cljs
Compiling src/yaml_table/core.cljs
WARNING: Wrong number of args (2) passed to yaml-table.config/yaml-table-config->chan-matching-yaml-object at line 64 src/yaml_table/core.cljs
... done. Elapsed 0.39645725 seconds
Change detected, recompiling ...
Compiling out/cljs/nodejs.cljs
Compiling src/yaml_table/config.cljs
Compiling src/yaml_table/core.cljs
WARNING: Wrong number of args (2) passed to yaml-table.config/yaml-table-config->chan-matching-yaml-object at line 64 src/yaml_table/core.cljs
... done. Elapsed 0.398070249 seconds
Change detected, recompiling ...
Compiling out/cljs/nodejs.cljs
Compiling src/yaml_table/config.cljs
Compiling src/yaml_table/core.cljs
... done. Elapsed 0.449562751 seconds
Change detected, recompiling ...
... done. Elapsed 0.095734529 seconds
Change detected, recompiling ...
Compiling src/yaml_table/core.cljs
... done. Elapsed 0.33804864 seconds
Change detected, recompiling ...
Compiling out/cljs/nodejs.cljs
Compiling src/yaml_table/config.cljs
Compiling src/yaml_table/core.cljs
... done. Elapsed 0.430514717 seconds
